    3  apt search
    4  man apt
    5  apt search i3
    6  sudo apt update -y
    7  sudo apt full-upgrade -y
    8  apt install i3
    9  sudo apt install i3
   37  sudo apt install vim
   55  apt search git
   56  sudo apt install git
   77  apt search ranger
   78  sudo apt install ranger
   98  apt search emacs
   99  apt search emacs | emacs
  100  sudo apt install -y emacs
  123  apt search feh
  136  history | grep apt
  137  history | grep apt >> downloads.txt
  180  apt list --installed
  181  apt list --installed | grep docker
  182  apt list --installed | grep docker*
  183  apt list --installed | grep 
  184  apt list --installed | grep yelp
  185  apt list --installed | grep docker-desktop
  186  apt list --installed | grep gnome-terminal
  191  sudo apt list | grep docker*
  195  sudo sudo apt remove docker-desktop
  196  sudo apt remove docker-desktop
  197  sudo apt update -y
  198  sudo apt full-upgrade -y
  199  sudo apt install ca-certificates curl gnupg lsb-release
  200  sudo mkdir -p /etc/apt/keyrings
  201  curl -fsSL https://download.docker.com/linux/ubuntu/gpg | sudo gpg --dearmor -o /etc/apt/keyrings/docker.gpg
  202  echo   "deb [arch=$(dpkg --print-architecture) signed-by=/etc/apt/keyrings/docker.gpg] https://download.docker.com/linux/ubuntu \
  203    $(lsb_release -cs) stable" | sudo tee /etc/apt/sources.list.d/docker.list > /dev/null
  204  echo   "deb [arch=$(dpkg --print-architecture) signed-by=/etc/apt/keyrings/docker.gpg] https://download.docker.com/linux/ubuntu \
  205    $(lsb_release -cs) stable" | sudo tee /etc/apt/sources.list.d/docker.list > /dev/null
  206  echo "deb [arch=$(dpkg --print-architecture) signed-by=/etc/apt/keyrings/docker.gpg] https://download.docker.com/linux/ubuntu \
  207    $(lsb_release -cs) stable" | sudo tee /etc/apt/sources.list.d/docker.list > /dev/null
  208  sudo apt install docker-ce docker-ce-cli containerd.io docker-compose-plugin
  209  curl -fsSL https://download.docker.com/linux/ubuntu/gpg | sudo gpg --dearmor -o /etc/apt/keyrings/docker.gpg
  210  echo "deb [arch=$(dpkg --print-architecture) signed-by=/etc/apt/keyrings/docker.gpg] https://download.docker.com/linux/ubuntu $(lsb_release -cs) stable" | sudo tee /etc/apt/sources.list.d/docker.list > /dev/null
  211  sudo apt-get install docker-ce docker-ce-cli containerd.io docker-compose-plugin
  212  sudo apt-get update
  213  sudo apt-get install docker-ce docker-ce-cli containerd.io docker-compose-plugin
  215  sudo apt update
  220  apt search docker-desktop
  225  sudo apt-get install ./docker-desktop-4.11.0-amd64.deb 
  247  sudo apt install htop
  319  sudo apt update -y
  320  sudo apt full-upgrade -y
  321  sudo apt install kazam
  322  sudo apt search pulseaudio
  323  apt install pavucontrol
  324  sudo apt install pavucontrol
  325  sudo apt search vlc
  326  apt search vlc
  327  sudo apt install vlc
  328  [200~sudo add-apt-repository ppa:obsproject/obs-studio
  329  sudo apt update
  330  sudo add-apt-repository ppa:obsproject/obs-studio~
  331  sudo add-apt-repository ppa:obsproject/obs-studio
  332  sudo apt update -y
  333  sudo apt install obs-studio
  336  sudo apt update -y
  337  sudo apt full-upgrade -y
  338  sudo apt update -y
  339  sudo apt full-upgrade -y
  340  sudo apt install ffmpeg
  368  history | grep apt
  371  sudo apt update -y
  372  sudo apt full-upgrade -y
  378  history | grep apt > ~/Documents/dotfiles/tempRestoreScript.out
 output
    3  apt search
    4  man apt
    5  apt search i3
    6  sudo apt update -y
    7  sudo apt full-upgrade -y
    8  apt install i3
    9  sudo apt install i3
   37  sudo apt install vim
   55  apt search git
   56  sudo apt install git
   77  apt search ranger
   78  sudo apt install ranger
   92  apt search emacs
   93  apt search emacs | emacs
   94  sudo apt install -y emacs
  117  apt search feh
  130  history | grep apt
  131  history | grep apt >> downloads.txt
sudo apt install htop
